<?xml version="1.0" encoding="UTF-8"?>
<!-- Generated by org.testng.reporters.JUnitXMLReporter -->
<testsuite ignored="0" hostname="DELL-PRECISION-M4800" failures="1" tests="3" name="VodafoneTest" time="19.635" errors="0" timestamp="2022-10-04T04:40:26 EET">
  <testcase classname="tests.GoogleSearchTests" name="user_enter_data_to_googlesearchtext" time="10.198"/>
  <testcase classname="tests.GoogleSearchTests" name="nextPagecount" time="4.567"/>
  <testcase classname="tests.GoogleSearchTests" name="Validate_page_two_is_equal_page_three" time="0.839">
    <failure type="java.lang.AssertionError" message="expected [10] but found [11]">
      <![CDATA[java.lang.AssertionError: expected [10] but found [11]
at tests.GoogleSearchTests.Validate_page_two_is_equal_page_three(GoogleSearchTests.java:60)
at java.base/java.util.ArrayList.forEach(ArrayList.java:1511)
at com.intellij.rt.testng.IDEARemoteTestNG.run(IDEARemoteTestNG.java:66)
at com.intellij.rt.testng.RemoteTestNGStarter.main(RemoteTestNGStarter.java:109)
... Removed 29 stack frames]]>
    </failure>
  </testcase> <!-- Validate_page_two_is_equal_page_three -->
</testsuite> <!-- VodafoneTest -->
